2021-02-03 16:40:56 - PHP Warning:  mkdir(): File exists in C:\xampp\htdocs\opencart-3.0.3.7\system\storage\vendor\twig\twig\src\Cache\FilesystemCache.php on line 54
2021-02-03 16:40:57 - PHP Warning:  mkdir(): File exists in C:\xampp\htdocs\opencart-3.0.3.7\system\storage\vendor\twig\twig\src\Cache\FilesystemCache.php on line 54
2021-02-03 16:40:57 - PHP Warning:  rename(C:\xampp\htdocs\opencart-3.0.3.7\system\storage\cache\template\8e\8ed56BE.tmp,C:/xampp/htdocs/opencart-3.0.3.7/system/storage/cache/template/8e/8edb4e13672148a4bfb8122120a41208f54697d1edf35b52dbf811fe4899533b.php): Access is denied (code: 5) in C:\xampp\htdocs\opencart-3.0.3.7\system\storage\vendor\twig\twig\src\Cache\FilesystemCache.php on line 65
2021-02-04 11:06:50 - PHP Warning:  mail(): Failed to connect to mailserver at &quot;localhost&quot; port 25, verify your &quot;SMTP&quot; and &quot;smtp_port&quot; setting in php.ini or use ini_set() in C:\xampp\htdocs\opencart-3.0.3.7\system\library\mail\mail.php on line 77
2021-02-04 11:07:16 - PHP Warning:  mail(): Failed to connect to mailserver at &quot;localhost&quot; port 25, verify your &quot;SMTP&quot; and &quot;smtp_port&quot; setting in php.ini or use ini_set() in C:\xampp\htdocs\opencart-3.0.3.7\system\library\mail\mail.php on line 77
2021-02-04 11:07:18 - PHP Warning:  mail(): Failed to connect to mailserver at &quot;localhost&quot; port 25, verify your &quot;SMTP&quot; and &quot;smtp_port&quot; setting in php.ini or use ini_set() in C:\xampp\htdocs\opencart-3.0.3.7\system\library\mail\mail.php on line 77
2023-09-21 15:43:28 - PHP Unknown:  Unparenthesized `a ? b : c ? d : e` is deprecated. Use either `(a ? b : c) ? d : e` or `a ? b : (c ? d : e)` in C:\OSPanel\domains\test\system\library\cartsms\extensions\src\Customers.php on line 162
2023-09-21 15:43:28 - PHP Unknown:  Unparenthesized `a ? b : c ? d : e` is deprecated. Use either `(a ? b : c) ? d : e` or `a ? b : (c ? d : e)` in C:\OSPanel\domains\test\system\library\cartsms\extensions\src\Customers.php on line 162
2023-09-21 15:43:38 - PHP Unknown:  Unparenthesized `a ? b : c ? d : e` is deprecated. Use either `(a ? b : c) ? d : e` or `a ? b : (c ? d : e)` in C:\OSPanel\domains\test\system\library\cartsms\extensions\src\Customers.php on line 162
2023-09-21 15:45:02 - PHP Unknown:  Unparenthesized `a ? b : c ? d : e` is deprecated. Use either `(a ? b : c) ? d : e` or `a ? b : (c ? d : e)` in C:\OSPanel\domains\test\system\library\cartsms\extensions\src\Customers.php on line 162
2023-09-21 15:45:06 - PHP Unknown:  Unparenthesized `a ? b : c ? d : e` is deprecated. Use either `(a ? b : c) ? d : e` or `a ? b : (c ? d : e)` in C:\OSPanel\domains\test\system\library\cartsms\extensions\src\Customers.php on line 162
2023-09-21 15:45:12 - PHP Unknown:  Unparenthesized `a ? b : c ? d : e` is deprecated. Use either `(a ? b : c) ? d : e` or `a ? b : (c ? d : e)` in C:\OSPanel\domains\test\system\library\cartsms\extensions\src\Customers.php on line 162
2023-09-21 15:45:13 - PHP Unknown:  Unparenthesized `a ? b : c ? d : e` is deprecated. Use either `(a ? b : c) ? d : e` or `a ? b : (c ? d : e)` in C:\OSPanel\domains\test\system\library\cartsms\extensions\src\Customers.php on line 162
2023-09-21 15:45:14 - PHP Unknown:  Unparenthesized `a ? b : c ? d : e` is deprecated. Use either `(a ? b : c) ? d : e` or `a ? b : (c ? d : e)` in C:\OSPanel\domains\test\system\library\cartsms\extensions\src\Customers.php on line 162
2023-09-21 15:58:31 - PHP Unknown:  Unparenthesized `a ? b : c ? d : e` is deprecated. Use either `(a ? b : c) ? d : e` or `a ? b : (c ? d : e)` in C:\OSPanel\domains\test\system\library\cartsms\extensions\src\Customers.php on line 162
2023-09-21 15:58:36 - PHP Unknown:  Unparenthesized `a ? b : c ? d : e` is deprecated. Use either `(a ? b : c) ? d : e` or `a ? b : (c ? d : e)` in C:\OSPanel\domains\test\system\library\cartsms\extensions\src\Customers.php on line 162
2023-09-21 15:58:39 - PHP Unknown:  Unparenthesized `a ? b : c ? d : e` is deprecated. Use either `(a ? b : c) ? d : e` or `a ? b : (c ? d : e)` in C:\OSPanel\domains\test\system\library\cartsms\extensions\src\Customers.php on line 162
2023-09-21 15:58:45 - PHP Unknown:  Unparenthesized `a ? b : c ? d : e` is deprecated. Use either `(a ? b : c) ? d : e` or `a ? b : (c ? d : e)` in C:\OSPanel\domains\test\system\library\cartsms\extensions\src\Customers.php on line 162
2023-09-21 15:59:34 - PHP Notice:  Undefined index: name in C:\OSPanel\domains\test\admin\model\setting\module.php on line 4
2023-09-21 20:42:46 - PHP Notice:  Undefined index: status in C:\OSPanel\domains\test\admin\controller\extension\module\running_text.php on line 16
2023-09-21 20:43:53 - PHP Notice:  Undefined index: status in C:\OSPanel\domains\test\admin\controller\extension\module\running_text.php on line 16
2023-09-21 20:43:54 - PHP Notice:  Undefined index: status in C:\OSPanel\domains\test\admin\controller\extension\module\running_text.php on line 16
2023-09-21 22:30:14 - PHP Warning:  Invalid argument supplied for foreach() in C:\OSPanel\domains\test\system\storage\modification\system\engine\loader.php on line 83
2023-09-21 22:34:31 - PHP Warning:  Invalid argument supplied for foreach() in C:\OSPanel\domains\test\system\storage\modification\system\engine\loader.php on line 83
2023-09-21 22:34:32 - PHP Warning:  Invalid argument supplied for foreach() in C:\OSPanel\domains\test\system\storage\modification\system\engine\loader.php on line 83
2023-09-21 22:34:35 - PHP Warning:  Invalid argument supplied for foreach() in C:\OSPanel\domains\test\system\storage\modification\system\engine\loader.php on line 83
2023-09-21 22:38:08 - PHP Warning:  Invalid argument supplied for foreach() in C:\OSPanel\domains\test\system\storage\modification\system\engine\loader.php on line 83
2023-09-21 22:39:16 - PHP Warning:  Invalid argument supplied for foreach() in C:\OSPanel\domains\test\system\storage\modification\system\engine\loader.php on line 83
2023-09-21 22:39:17 - PHP Warning:  Invalid argument supplied for foreach() in C:\OSPanel\domains\test\system\storage\modification\system\engine\loader.php on line 83
2023-09-21 22:39:18 - PHP Warning:  Invalid argument supplied for foreach() in C:\OSPanel\domains\test\system\storage\modification\system\engine\loader.php on line 83
2023-09-21 22:39:18 - PHP Warning:  Invalid argument supplied for foreach() in C:\OSPanel\domains\test\system\storage\modification\system\engine\loader.php on line 83
2023-09-21 22:39:18 - PHP Warning:  Invalid argument supplied for foreach() in C:\OSPanel\domains\test\system\storage\modification\system\engine\loader.php on line 83
2023-09-21 22:39:18 - PHP Warning:  Invalid argument supplied for foreach() in C:\OSPanel\domains\test\system\storage\modification\system\engine\loader.php on line 83
2023-09-21 22:39:19 - PHP Warning:  Invalid argument supplied for foreach() in C:\OSPanel\domains\test\system\storage\modification\system\engine\loader.php on line 83
2023-09-21 22:39:19 - PHP Warning:  Invalid argument supplied for foreach() in C:\OSPanel\domains\test\system\storage\modification\system\engine\loader.php on line 83
2023-09-21 22:39:19 - PHP Warning:  Invalid argument supplied for foreach() in C:\OSPanel\domains\test\system\storage\modification\system\engine\loader.php on line 83
2023-09-21 22:39:19 - PHP Warning:  Invalid argument supplied for foreach() in C:\OSPanel\domains\test\system\storage\modification\system\engine\loader.php on line 83
2023-09-21 22:39:19 - PHP Warning:  Invalid argument supplied for foreach() in C:\OSPanel\domains\test\system\storage\modification\system\engine\loader.php on line 83
2023-09-21 22:39:19 - PHP Warning:  Invalid argument supplied for foreach() in C:\OSPanel\domains\test\system\storage\modification\system\engine\loader.php on line 83
2023-09-21 22:39:20 - PHP Warning:  Invalid argument supplied for foreach() in C:\OSPanel\domains\test\system\storage\modification\system\engine\loader.php on line 83
2023-09-21 22:39:20 - PHP Warning:  Invalid argument supplied for foreach() in C:\OSPanel\domains\test\system\storage\modification\system\engine\loader.php on line 83
2023-09-21 22:39:20 - PHP Warning:  Invalid argument supplied for foreach() in C:\OSPanel\domains\test\system\storage\modification\system\engine\loader.php on line 83
2023-09-21 22:39:20 - PHP Warning:  Invalid argument supplied for foreach() in C:\OSPanel\domains\test\system\storage\modification\system\engine\loader.php on line 83
2023-09-21 22:39:22 - PHP Warning:  Invalid argument supplied for foreach() in C:\OSPanel\domains\test\system\storage\modification\system\engine\loader.php on line 83
2023-09-21 22:41:38 - PHP Warning:  Invalid argument supplied for foreach() in C:\OSPanel\domains\test\system\storage\modification\system\engine\loader.php on line 83
2023-09-21 22:41:38 - PHP Notice:  Undefined property: Proxy::$getHeaderText in C:\OSPanel\domains\test\system\engine\proxy.php on line 20
2023-09-21 22:41:50 - PHP Warning:  Invalid argument supplied for foreach() in C:\OSPanel\domains\test\system\storage\modification\system\engine\loader.php on line 83
2023-09-21 22:41:50 - PHP Notice:  Undefined property: Proxy::$getHeaderText in C:\OSPanel\domains\test\system\engine\proxy.php on line 20
2023-09-21 22:42:42 - PHP Warning:  Invalid argument supplied for foreach() in C:\OSPanel\domains\test\system\storage\modification\system\engine\loader.php on line 83
2023-09-22 11:46:26 - PHP Warning:  DOMDocument::loadXML(): Empty string supplied as input in C:\OSPanel\domains\test\catalog\model\extension\shipping\fedex.php on line 164
2023-09-22 11:46:26 - PHP Notice:  Trying to get property 'nodeValue' of non-object in C:\OSPanel\domains\test\catalog\model\extension\shipping\fedex.php on line 170
2023-09-22 11:46:26 - PHP Notice:  Trying to get property 'nodeValue' of non-object in C:\OSPanel\domains\test\catalog\model\extension\shipping\fedex.php on line 170
2023-09-22 11:51:22 - PHP Warning:  DOMDocument::loadXML(): Empty string supplied as input in C:\OSPanel\domains\test\catalog\model\extension\shipping\fedex.php on line 164
2023-09-22 11:51:22 - PHP Notice:  Trying to get property 'nodeValue' of non-object in C:\OSPanel\domains\test\catalog\model\extension\shipping\fedex.php on line 170
2023-09-22 11:51:22 - PHP Notice:  Trying to get property 'nodeValue' of non-object in C:\OSPanel\domains\test\catalog\model\extension\shipping\fedex.php on line 170
2023-09-28 12:16:29 - PHP Notice:  Undefined index: manufacturer_id in C:\OSPanel\domains\test\catalog\controller\product\category.php on line 318
2023-09-28 12:16:29 - PHP Notice:  Undefined index: manufacturer_id in C:\OSPanel\domains\test\catalog\controller\product\category.php on line 325
2023-09-28 12:16:29 - PHP Notice:  Undefined index: manufacturer_id in C:\OSPanel\domains\test\catalog\controller\product\category.php on line 332
2023-09-28 12:19:58 - PHP Notice:  Undefined index: manufacturer_id in C:\OSPanel\domains\test\catalog\controller\product\category.php on line 318
2023-09-28 12:19:58 - PHP Notice:  Undefined index: manufacturer_id in C:\OSPanel\domains\test\catalog\controller\product\category.php on line 325
2023-09-28 12:19:58 - PHP Notice:  Undefined index: manufacturer_id in C:\OSPanel\domains\test\catalog\controller\product\category.php on line 332
2023-09-28 12:20:02 - PHP Notice:  Undefined index: manufacturer_id in C:\OSPanel\domains\test\catalog\controller\product\category.php on line 318
2023-09-28 12:20:02 - PHP Notice:  Undefined index: manufacturer_id in C:\OSPanel\domains\test\catalog\controller\product\category.php on line 325
2023-09-28 12:20:02 - PHP Notice:  Undefined index: manufacturer_id in C:\OSPanel\domains\test\catalog\controller\product\category.php on line 332
2023-09-28 12:24:44 - PHP Notice:  Undefined index: manufacturer_id in C:\OSPanel\domains\test\catalog\controller\product\category.php on line 318
2023-09-28 12:24:44 - PHP Notice:  Undefined index: manufacturer_id in C:\OSPanel\domains\test\catalog\controller\product\category.php on line 325
2023-09-28 12:24:44 - PHP Notice:  Undefined index: manufacturer_id in C:\OSPanel\domains\test\catalog\controller\product\category.php on line 332
2023-09-28 12:25:01 - PHP Notice:  Undefined index: manufacturer_id in C:\OSPanel\domains\test\catalog\controller\product\category.php on line 318
2023-09-28 12:25:01 - PHP Notice:  Undefined index: manufacturer_id in C:\OSPanel\domains\test\catalog\controller\product\category.php on line 325
2023-09-28 12:25:01 - PHP Notice:  Undefined index: manufacturer_id in C:\OSPanel\domains\test\catalog\controller\product\category.php on line 332
2023-09-28 12:42:56 - PHP Notice:  Undefined index: manufacturer_id in C:\OSPanel\domains\test\catalog\controller\product\category.php on line 317
2023-09-28 12:42:56 - PHP Notice:  Undefined index: manufacturer_id in C:\OSPanel\domains\test\catalog\controller\product\category.php on line 324
2023-09-28 12:42:56 - PHP Notice:  Undefined index: manufacturer_id in C:\OSPanel\domains\test\catalog\controller\product\category.php on line 331
2023-09-28 12:43:14 - PHP Notice:  Undefined index: manufacturer_id in C:\OSPanel\domains\test\catalog\controller\product\category.php on line 317
2023-09-28 12:43:14 - PHP Notice:  Undefined index: manufacturer_id in C:\OSPanel\domains\test\catalog\controller\product\category.php on line 324
2023-09-28 12:43:14 - PHP Notice:  Undefined index: manufacturer_id in C:\OSPanel\domains\test\catalog\controller\product\category.php on line 331
2023-09-28 15:36:56 - PHP Notice:  Undefined index: manufacturer_id in C:\OSPanel\domains\test\catalog\controller\product\category.php on line 319
2023-09-28 15:36:56 - PHP Notice:  Undefined index: manufacturer_id in C:\OSPanel\domains\test\catalog\controller\product\category.php on line 325
2023-09-28 15:36:56 - PHP Notice:  Undefined index: manufacturer_id in C:\OSPanel\domains\test\catalog\controller\product\category.php on line 333
2023-09-28 15:36:56 - PHP Notice:  Undefined index: manufacturer_id in C:\OSPanel\domains\test\catalog\controller\product\category.php on line 339
2023-09-28 15:41:03 - PHP Notice:  Undefined index: manufacturer_id in C:\OSPanel\domains\test\catalog\controller\product\category.php on line 319
2023-09-28 15:41:03 - PHP Notice:  Undefined index: manufacturer_id in C:\OSPanel\domains\test\catalog\controller\product\category.php on line 325
2023-09-28 15:41:03 - PHP Notice:  Undefined index: manufacturer_id in C:\OSPanel\domains\test\catalog\controller\product\category.php on line 331
2023-09-28 15:41:03 - PHP Notice:  Undefined index: manufacturer_id in C:\OSPanel\domains\test\catalog\controller\product\category.php on line 337
2023-09-28 15:50:20 - PHP Notice:  Undefined index: manufacturer_id in C:\OSPanel\domains\test\catalog\controller\product\category.php on line 319
2023-09-28 15:50:20 - PHP Notice:  Undefined index: manufacturer_id in C:\OSPanel\domains\test\catalog\controller\product\category.php on line 325
2023-09-28 15:50:20 - PHP Notice:  Undefined index: manufacturer_id in C:\OSPanel\domains\test\catalog\controller\product\category.php on line 331
2023-09-28 15:50:20 - PHP Notice:  Undefined index: manufacturer_id in C:\OSPanel\domains\test\catalog\controller\product\category.php on line 337
2023-09-28 15:50:20 - PHP Notice:  Undefined index: manufacturer_id in C:\OSPanel\domains\test\catalog\controller\product\category.php on line 343
2023-09-28 15:50:20 - PHP Notice:  Undefined index: manufacturer_id in C:\OSPanel\domains\test\catalog\controller\product\category.php on line 349
2023-09-28 15:55:16 - PHP Notice:  Undefined index: manufacturer_id in C:\OSPanel\domains\test\catalog\controller\product\category.php on line 319
2023-09-28 15:55:16 - PHP Notice:  Undefined index: manufacturer_id in C:\OSPanel\domains\test\catalog\controller\product\category.php on line 325
2023-09-28 15:55:16 - PHP Notice:  Undefined index: manufacturer_id in C:\OSPanel\domains\test\catalog\controller\product\category.php on line 331
2023-09-28 15:55:16 - PHP Notice:  Undefined index: manufacturer_id in C:\OSPanel\domains\test\catalog\controller\product\category.php on line 337
2023-09-28 15:55:16 - PHP Notice:  Undefined index: manufacturer_id in C:\OSPanel\domains\test\catalog\controller\product\category.php on line 343
2023-09-28 15:55:16 - PHP Notice:  Undefined index: manufacturer_id in C:\OSPanel\domains\test\catalog\controller\product\category.php on line 349
2023-09-28 15:55:20 - PHP Notice:  Undefined index: manufacturer_id in C:\OSPanel\domains\test\catalog\controller\product\category.php on line 319
2023-09-28 15:55:20 - PHP Notice:  Undefined index: manufacturer_id in C:\OSPanel\domains\test\catalog\controller\product\category.php on line 325
2023-09-28 15:55:20 - PHP Notice:  Undefined index: manufacturer_id in C:\OSPanel\domains\test\catalog\controller\product\category.php on line 331
2023-09-28 15:55:20 - PHP Notice:  Undefined index: manufacturer_id in C:\OSPanel\domains\test\catalog\controller\product\category.php on line 337
2023-09-28 15:55:20 - PHP Notice:  Undefined index: manufacturer_id in C:\OSPanel\domains\test\catalog\controller\product\category.php on line 343
2023-09-28 15:55:20 - PHP Notice:  Undefined index: manufacturer_id in C:\OSPanel\domains\test\catalog\controller\product\category.php on line 349
2023-09-28 15:56:24 - PHP Notice:  Undefined index: manufacturer_id in C:\OSPanel\domains\test\catalog\controller\product\category.php on line 319
2023-09-28 15:56:24 - PHP Notice:  Undefined index: manufacturer_id in C:\OSPanel\domains\test\catalog\controller\product\category.php on line 325
2023-09-28 15:56:24 - PHP Notice:  Undefined index: manufacturer_id in C:\OSPanel\domains\test\catalog\controller\product\category.php on line 331
2023-09-28 15:56:24 - PHP Notice:  Undefined index: manufacturer_id in C:\OSPanel\domains\test\catalog\controller\product\category.php on line 337
2023-09-28 15:56:24 - PHP Notice:  Undefined index: manufacturer_id in C:\OSPanel\domains\test\catalog\controller\product\category.php on line 343
2023-09-28 15:56:24 - PHP Notice:  Undefined index: manufacturer_id in C:\OSPanel\domains\test\catalog\controller\product\category.php on line 349
2023-09-28 16:01:50 - PHP Notice:  Undefined index: manufacturer_id in C:\OSPanel\domains\test\catalog\controller\product\category.php on line 319
2023-09-28 16:01:50 - PHP Notice:  Undefined index: manufacturer_id in C:\OSPanel\domains\test\catalog\controller\product\category.php on line 325
2023-09-28 16:01:50 - PHP Notice:  Undefined index: manufacturer_id in C:\OSPanel\domains\test\catalog\controller\product\category.php on line 331
2023-09-28 16:01:50 - PHP Notice:  Undefined index: manufacturer_id in C:\OSPanel\domains\test\catalog\controller\product\category.php on line 337
2023-09-28 16:01:50 - PHP Notice:  Undefined index: manufacturer_id in C:\OSPanel\domains\test\catalog\controller\product\category.php on line 343
2023-09-28 16:01:50 - PHP Notice:  Undefined index: manufacturer_id in C:\OSPanel\domains\test\catalog\controller\product\category.php on line 349
2023-09-28 16:35:58 - PHP Notice:  Undefined index: sort in C:\OSPanel\domains\test\catalog\model\catalog\product.php on line 192
2023-09-28 16:35:58 - PHP Notice:  Undefined index: sort in C:\OSPanel\domains\test\catalog\model\catalog\product.php on line 192
2023-09-28 16:35:58 - PHP Notice:  Undefined index: sort in C:\OSPanel\domains\test\catalog\model\catalog\product.php on line 192
2023-09-28 16:35:58 - PHP Notice:  Undefined index: sort in C:\OSPanel\domains\test\catalog\model\catalog\product.php on line 192
2023-09-28 16:35:58 - PHP Notice:  Undefined index: sort in C:\OSPanel\domains\test\catalog\model\catalog\product.php on line 192
2023-09-28 16:35:58 - PHP Notice:  Undefined index: sort in C:\OSPanel\domains\test\catalog\model\catalog\product.php on line 192
2023-09-28 16:35:58 - PHP Notice:  Undefined index: sort in C:\OSPanel\domains\test\catalog\model\catalog\product.php on line 192
2023-09-28 16:35:58 - PHP Notice:  Undefined index: sort in C:\OSPanel\domains\test\catalog\model\catalog\product.php on line 192
2023-09-28 16:35:58 - PHP Notice:  Undefined index: sort in C:\OSPanel\domains\test\catalog\model\catalog\product.php on line 192
2023-09-28 16:35:58 - PHP Notice:  Undefined index: sort in C:\OSPanel\domains\test\catalog\model\catalog\product.php on line 192
2023-09-28 16:35:58 - PHP Notice:  Undefined index: sort in C:\OSPanel\domains\test\catalog\model\catalog\product.php on line 192
2023-09-28 16:35:58 - PHP Notice:  Undefined index: sort in C:\OSPanel\domains\test\catalog\model\catalog\product.php on line 192
2023-09-28 16:35:58 - PHP Notice:  Undefined index: sort in C:\OSPanel\domains\test\catalog\model\catalog\product.php on line 192
2023-09-28 16:35:58 - PHP Notice:  Undefined index: sort in C:\OSPanel\domains\test\catalog\model\catalog\product.php on line 192
2023-09-28 16:35:58 - PHP Notice:  Undefined index: sort in C:\OSPanel\domains\test\catalog\model\catalog\product.php on line 192
2023-09-28 16:35:58 - PHP Notice:  Undefined index: sort in C:\OSPanel\domains\test\catalog\model\catalog\product.php on line 192
2023-09-28 16:35:58 - PHP Notice:  Undefined index: sort in C:\OSPanel\domains\test\catalog\model\catalog\product.php on line 192
2023-09-28 16:35:58 - PHP Notice:  Undefined index: sort in C:\OSPanel\domains\test\catalog\model\catalog\product.php on line 192
2023-09-28 16:35:58 - PHP Notice:  Undefined index: sort in C:\OSPanel\domains\test\catalog\model\catalog\product.php on line 192
2023-09-28 16:35:58 - PHP Notice:  Undefined index: sort in C:\OSPanel\domains\test\catalog\model\catalog\product.php on line 192
2023-09-28 16:36:08 - PHP Notice:  Undefined index: sort in C:\OSPanel\domains\test\catalog\model\catalog\product.php on line 192
2023-09-28 16:36:08 - PHP Notice:  Undefined index: sort in C:\OSPanel\domains\test\catalog\model\catalog\product.php on line 192
2023-09-28 16:36:08 - PHP Notice:  Undefined index: sort in C:\OSPanel\domains\test\catalog\model\catalog\product.php on line 192
2023-09-28 16:36:08 - PHP Notice:  Undefined index: sort in C:\OSPanel\domains\test\catalog\model\catalog\product.php on line 192
2023-09-28 16:36:08 - PHP Notice:  Undefined index: sort in C:\OSPanel\domains\test\catalog\model\catalog\product.php on line 192
2023-09-28 16:36:08 - PHP Notice:  Undefined index: sort in C:\OSPanel\domains\test\catalog\model\catalog\product.php on line 192
2023-09-28 16:36:08 - PHP Notice:  Undefined index: sort in C:\OSPanel\domains\test\catalog\model\catalog\product.php on line 192
2023-09-28 16:36:08 - PHP Notice:  Undefined index: sort in C:\OSPanel\domains\test\catalog\model\catalog\product.php on line 192
2023-09-28 16:36:08 - PHP Notice:  Undefined index: sort in C:\OSPanel\domains\test\catalog\model\catalog\product.php on line 192
2023-09-28 16:36:08 - PHP Notice:  Undefined index: sort in C:\OSPanel\domains\test\catalog\model\catalog\product.php on line 192
2023-09-28 16:36:08 - PHP Notice:  Undefined index: sort in C:\OSPanel\domains\test\catalog\model\catalog\product.php on line 192
2023-09-28 16:36:08 - PHP Notice:  Undefined index: sort in C:\OSPanel\domains\test\catalog\model\catalog\product.php on line 192
2023-09-28 16:36:08 - PHP Notice:  Undefined index: sort in C:\OSPanel\domains\test\catalog\model\catalog\product.php on line 192
2023-09-28 16:36:08 - PHP Notice:  Undefined index: sort in C:\OSPanel\domains\test\catalog\model\catalog\product.php on line 192
2023-09-28 16:36:08 - PHP Notice:  Undefined index: sort in C:\OSPanel\domains\test\catalog\model\catalog\product.php on line 192
2023-09-28 16:36:08 - PHP Notice:  Undefined index: sort in C:\OSPanel\domains\test\catalog\model\catalog\product.php on line 192
2023-09-28 16:36:08 - PHP Notice:  Undefined index: sort in C:\OSPanel\domains\test\catalog\model\catalog\product.php on line 192
2023-09-28 16:36:08 - PHP Notice:  Undefined index: sort in C:\OSPanel\domains\test\catalog\model\catalog\product.php on line 192
2023-09-28 16:36:08 - PHP Notice:  Undefined index: sort in C:\OSPanel\domains\test\catalog\model\catalog\product.php on line 192
2023-09-28 16:36:08 - PHP Notice:  Undefined index: sort in C:\OSPanel\domains\test\catalog\model\catalog\product.php on line 192
2023-09-28 16:37:31 - PHP Notice:  Undefined index: sort in C:\OSPanel\domains\test\catalog\model\catalog\product.php on line 192
2023-09-28 16:37:31 - PHP Notice:  Undefined index: sort in C:\OSPanel\domains\test\catalog\model\catalog\product.php on line 192
2023-09-28 16:37:31 - PHP Notice:  Undefined index: sort in C:\OSPanel\domains\test\catalog\model\catalog\product.php on line 192
2023-09-28 16:37:31 - PHP Notice:  Undefined index: sort in C:\OSPanel\domains\test\catalog\model\catalog\product.php on line 192
2023-09-28 16:37:31 - PHP Notice:  Undefined index: sort in C:\OSPanel\domains\test\catalog\model\catalog\product.php on line 192
2023-09-28 16:37:31 - PHP Notice:  Undefined index: sort in C:\OSPanel\domains\test\catalog\model\catalog\product.php on line 192
2023-09-28 16:37:31 - PHP Notice:  Undefined index: sort in C:\OSPanel\domains\test\catalog\model\catalog\product.php on line 192
2023-09-28 16:37:31 - PHP Notice:  Undefined index: sort in C:\OSPanel\domains\test\catalog\model\catalog\product.php on line 192
2023-09-28 16:37:31 - PHP Notice:  Undefined index: sort in C:\OSPanel\domains\test\catalog\model\catalog\product.php on line 192
2023-09-28 16:37:31 - PHP Notice:  Undefined index: sort in C:\OSPanel\domains\test\catalog\model\catalog\product.php on line 192
2023-09-28 16:37:31 - PHP Notice:  Undefined index: sort in C:\OSPanel\domains\test\catalog\model\catalog\product.php on line 192
2023-09-28 16:37:31 - PHP Notice:  Undefined index: sort in C:\OSPanel\domains\test\catalog\model\catalog\product.php on line 192
2023-09-28 16:37:31 - PHP Notice:  Undefined index: sort in C:\OSPanel\domains\test\catalog\model\catalog\product.php on line 192
2023-09-28 16:37:31 - PHP Notice:  Undefined index: sort in C:\OSPanel\domains\test\catalog\model\catalog\product.php on line 192
2023-09-28 16:37:31 - PHP Notice:  Undefined index: sort in C:\OSPanel\domains\test\catalog\model\catalog\product.php on line 192
2023-09-28 16:37:31 - PHP Notice:  Undefined index: sort in C:\OSPanel\domains\test\catalog\model\catalog\product.php on line 192
2023-09-28 16:37:31 - PHP Notice:  Undefined index: sort in C:\OSPanel\domains\test\catalog\model\catalog\product.php on line 192
2023-09-28 16:37:31 - PHP Notice:  Undefined index: sort in C:\OSPanel\domains\test\catalog\model\catalog\product.php on line 192
2023-09-28 16:37:31 - PHP Notice:  Undefined index: sort in C:\OSPanel\domains\test\catalog\model\catalog\product.php on line 192
2023-09-28 16:37:31 - PHP Notice:  Undefined index: sort in C:\OSPanel\domains\test\catalog\model\catalog\product.php on line 192
2023-09-28 16:40:25 - PHP Notice:  Undefined index: sort in C:\OSPanel\domains\test\catalog\model\catalog\product.php on line 192
2023-09-28 16:40:25 - PHP Notice:  Undefined index: sort in C:\OSPanel\domains\test\catalog\model\catalog\product.php on line 192
2023-09-28 16:40:25 - PHP Notice:  Undefined index: sort in C:\OSPanel\domains\test\catalog\model\catalog\product.php on line 192
2023-09-28 16:40:25 - PHP Notice:  Undefined index: sort in C:\OSPanel\domains\test\catalog\model\catalog\product.php on line 192
2023-09-28 16:40:25 - PHP Notice:  Undefined index: sort in C:\OSPanel\domains\test\catalog\model\catalog\product.php on line 192
2023-09-28 16:40:25 - PHP Notice:  Undefined index: sort in C:\OSPanel\domains\test\catalog\model\catalog\product.php on line 192
2023-09-28 16:40:25 - PHP Notice:  Undefined index: sort in C:\OSPanel\domains\test\catalog\model\catalog\product.php on line 192
2023-09-28 16:40:25 - PHP Notice:  Undefined index: sort in C:\OSPanel\domains\test\catalog\model\catalog\product.php on line 192
2023-09-28 16:40:25 - PHP Notice:  Undefined index: sort in C:\OSPanel\domains\test\catalog\model\catalog\product.php on line 192
2023-09-28 16:40:25 - PHP Notice:  Undefined index: sort in C:\OSPanel\domains\test\catalog\model\catalog\product.php on line 192
